<?xml version="1.0" encoding="UTF-8"?>
<testsuite xmlns:xsi="http://www.w3.org/2001/XMLSchema-instance" xsi:noNamespaceSchemaLocation="https://maven.apache.org/surefire/maven-surefire-plugin/xsd/surefire-test-report.xsd" name="deqo.QuestionAChoixExclusifTest" time="0.181" tests="3" errors="0" skipped="0" failures="0">
  <properties>
[...]
</properties>
  <testcase name="getEnonce" classname="deqo.QuestionAChoixExclusifTest" time="0.004"/>
  <testcase name="getScoreForIndice100" classname="deqo.QuestionAChoixExclusifTest" time="0.003"/>
  <testcase name="getScoreForIndice0" classname="deqo.QuestionAChoixExclusifTest" time="0.001"/>
</testsuite>